fs is 2mu
read file
Warning in <TClass::Init>: no dictionary for class ROOT::TIOFeatures is available
start setting tree 
start reading tree 
event loop********************************************************************************************************************
GENZ_mass->size()   0
genzm  0
finish check per-event***********************************************************************************************************


event loop********************************************************************************************************************
GENZ_mass->size()   0
genzm  0
finish check per-event***********************************************************************************************************


event loop********************************************************************************************************************
GENZ_mass->size()   0
genzm  0
finish check per-event***********************************************************************************************************


event loop********************************************************************************************************************
GENZ_mass->size()   0
genzm  0
finish check per-event***********************************************************************************************************


event loop********************************************************************************************************************
GENZ_mass->size()   0
genzm  0
finish check per-event***********************************************************************************************************


event loop********************************************************************************************************************
GENZ_mass->size()   0
genzm  0
finish check per-event***********************************************************************************************************


event loop********************************************************************************************************************
GENZ_mass->size()   0
genzm  0
finish check per-event***********************************************************************************************************


event loop********************************************************************************************************************
GENZ_mass->size()   0
genzm  0
finish check per-event***********************************************************************************************************


event loop********************************************************************************************************************
GENZ_mass->size()   0
genzm  0
finish check per-event***********************************************************************************************************


event loop********************************************************************************************************************
GENZ_mass->size()   0
genzm  0
finish check per-event***********************************************************************************************************


event loop********************************************************************************************************************
GENZ_mass->size()   0
genzm  0
finish check per-event***********************************************************************************************************


event loop********************************************************************************************************************
GENZ_mass->size()   0
genzm  0
finish check per-event***********************************************************************************************************


event loop********************************************************************************************************************
GENZ_mass->size()   0
genzm  0
finish check per-event***********************************************************************************************************


event loop********************************************************************************************************************
GENZ_mass->size()   0
genzm  0
finish check per-event***********************************************************************************************************


event loop********************************************************************************************************************
GENZ_mass->size()   0
genzm  0
finish check per-event***********************************************************************************************************


event loop********************************************************************************************************************
GENZ_mass->size()   0
genzm  0
finish check per-event***********************************************************************************************************


event loop********************************************************************************************************************
GENZ_mass->size()   0
genzm  0
finish check per-event***********************************************************************************************************


event loop********************************************************************************************************************
GENZ_mass->size()   0
genzm  0
finish check per-event***********************************************************************************************************


event loop********************************************************************************************************************
GENZ_mass->size()   0
genzm  0
finish check per-event***********************************************************************************************************


event loop********************************************************************************************************************
GENZ_mass->size()   0
genzm  0
finish check per-event***********************************************************************************************************


event loop********************************************************************************************************************
GENZ_mass->size()   0
genzm  0
finish check per-event***********************************************************************************************************


event loop********************************************************************************************************************
GENZ_mass->size()   0
genzm  0
finish check per-event***********************************************************************************************************


event loop********************************************************************************************************************
GENZ_mass->size()   0
genzm  0
finish check per-event***********************************************************************************************************


event loop********************************************************************************************************************
GENZ_mass->size()   0
genzm  0
finish check per-event***********************************************************************************************************


event loop********************************************************************************************************************
GENZ_mass->size()   0
genzm  0
finish check per-event***********************************************************************************************************


event loop********************************************************************************************************************
GENZ_mass->size()   0
genzm  0
finish check per-event***********************************************************************************************************


event loop********************************************************************************************************************
GENZ_mass->size()   0
genzm  0
finish check per-event***********************************************************************************************************


event loop********************************************************************************************************************
GENZ_mass->size()   0
genzm  0
finish check per-event***********************************************************************************************************


event loop********************************************************************************************************************
GENZ_mass->size()   0
genzm  0
finish check per-event***********************************************************************************************************


event loop********************************************************************************************************************
GENZ_mass->size()   0
genzm  0
finish check per-event***********************************************************************************************************


event loop********************************************************************************************************************
GENZ_mass->size()   0
genzm  0
finish check per-event***********************************************************************************************************


event loop********************************************************************************************************************
GENZ_mass->size()   0
genzm  0
finish check per-event***********************************************************************************************************


event loop********************************************************************************************************************
GENZ_mass->size()   0
genzm  0
finish check per-event***********************************************************************************************************


event loop********************************************************************************************************************
GENZ_mass->size()   0
genzm  0
finish check per-event***********************************************************************************************************


event loop********************************************************************************************************************
GENZ_mass->size()   0
genzm  0
finish check per-event***********************************************************************************************************


event loop********************************************************************************************************************
GENZ_mass->size()   0
genzm  0
finish check per-event***********************************************************************************************************


event loop********************************************************************************************************************
GENZ_mass->size()   0
genzm  0
finish check per-event***********************************************************************************************************


event loop********************************************************************************************************************
GENZ_mass->size()   0
genzm  0
finish check per-event***********************************************************************************************************


event loop********************************************************************************************************************
GENZ_mass->size()   0
genzm  0
finish check per-event***********************************************************************************************************


event loop********************************************************************************************************************
GENZ_mass->size()   0
genzm  0
finish check per-event***********************************************************************************************************


event loop********************************************************************************************************************
GENZ_mass->size()   0
genzm  0
finish check per-event***********************************************************************************************************


event loop********************************************************************************************************************
GENZ_mass->size()   0
genzm  0
finish check per-event***********************************************************************************************************


event loop********************************************************************************************************************
GENZ_mass->size()   0
genzm  0
finish check per-event***********************************************************************************************************


event loop********************************************************************************************************************
GENZ_mass->size()   0
genzm  0
finish check per-event***********************************************************************************************************


event loop********************************************************************************************************************
GENZ_mass->size()   0
genzm  0
finish check per-event***********************************************************************************************************


event loop********************************************************************************************************************
GENZ_mass->size()   0
genzm  0
finish check per-event***********************************************************************************************************


event loop********************************************************************************************************************
GENZ_mass->size()   0
genzm  0
finish check per-event***********************************************************************************************************


event loop********************************************************************************************************************
GENZ_mass->size()   0
genzm  0
finish check per-event***********************************************************************************************************


event loop********************************************************************************************************************
GENZ_mass->size()   0
genzm  0
finish check per-event***********************************************************************************************************


event loop********************************************************************************************************************
GENZ_mass->size()   0
genzm  0
finish check per-event***********************************************************************************************************


event loop********************************************************************************************************************
GENZ_mass->size()   0
genzm  0
finish check per-event***********************************************************************************************************


event loop********************************************************************************************************************
GENZ_mass->size()   0
genzm  0
finish check per-event***********************************************************************************************************


event loop********************************************************************************************************************
GENZ_mass->size()   0
genzm  0
finish check per-event***********************************************************************************************************


event loop********************************************************************************************************************
GENZ_mass->size()   0
genzm  0
finish check per-event***********************************************************************************************************


event loop********************************************************************************************************************
GENZ_mass->size()   0
genzm  0
finish check per-event***********************************************************************************************************


event loop********************************************************************************************************************
GENZ_mass->size()   0
genzm  0
finish check per-event***********************************************************************************************************


event loop********************************************************************************************************************
GENZ_mass->size()   0
genzm  0
finish check per-event***********************************************************************************************************


end reading tree
fs is 2mu
read file
Warning in <TClass::Init>: no dictionary for class ROOT::TIOFeatures is available
start setting tree 
start reading tree 
end reading tree
fs is 2mu
read file
Warning in <TClass::Init>: no dictionary for class ROOT::TIOFeatures is available
start setting tree 
start reading tree 
fs is 2mu
read file
Warning in <TClass::Init>: no dictionary for class ROOT::TIOFeatures is available
start setting tree 
start reading tree 
end reading tree
end reading tree
fs is 2mu
read file
Warning in <TClass::Init>: no dictionary for class ROOT::TIOFeatures is available
start setting tree 
start reading tree 
end reading tree
fs is 2mu
read file
Warning in <TClass::Init>: no dictionary for class ROOT::TIOFeatures is available
start setting tree 
start reading tree 
end reading tree
fs is 2mu
read file
Warning in <TClass::Init>: no dictionary for class ROOT::TIOFeatures is available
start setting tree 
start reading tree 
fs is 2mu
read file
Warning in <TClass::Init>: no dictionary for class ROOT::TIOFeatures is available
start setting tree 
start reading tree 
fs is 2mu
read file
Warning in <TClass::Init>: no dictionary for class ROOT::TIOFeatures is available
start setting tree 
start reading tree 
end reading tree
end reading tree
end reading tree
fs is 2mu
read file
Warning in <TClass::Init>: no dictionary for class ROOT::TIOFeatures is available
start setting tree 
start reading tree 
fs is 2mu
read file
Warning in <TClass::Init>: no dictionary for class ROOT::TIOFeatures is available
start setting tree 
start reading tree 
end reading tree
end reading tree
fs is 2mu
read file
Warning in <TClass::Init>: no dictionary for class ROOT::TIOFeatures is available
start setting tree 
start reading tree 
fs is 2mu
read file
Warning in <TClass::Init>: no dictionary for class ROOT::TIOFeatures is available
start setting tree 
start reading tree 
end reading tree
end reading tree
fs is 2mu
read file
Error in <TNetXNGFile::Open>: [ERROR] Server responded with an error: [3011] Unable to access file; file does not exist.

start setting tree 
start reading tree 

 *** Break *** segmentation violation
fs is 2mu
read file
Error in <TNetXNGFile::Open>: [ERROR] Server responded with an error: [3011] Unable to access file; file does not exist.

start setting tree 
start reading tree 

 *** Break *** segmentation violation



===========================================================
There was a crash.
This is the entire stack trace of all threads:
===========================================================

Thread 6 (Thread 0x7fe84fcf3700 (LWP 1201617)):
#0  0x0000003c962e9243 in epoll_wait () from /lib64/libc.so.6
#1  0x00007fe85008d032 in XrdSys::IOEvents::PollE::Begin(XrdSysSemaphore*, int&, char const**) () from /cvmfs/cms.cern.ch/slc6_amd64_gcc530/cms/cmssw/CMSSW_8_0_10/external/slc6_amd64_gcc530/lib/libXrdUtils.so.2
#2  0x00007fe8500897ed in XrdSys::IOEvents::BootStrap::Start(void*) () from /cvmfs/cms.cern.ch/slc6_amd64_gcc530/cms/cmssw/CMSSW_8_0_10/external/slc6_amd64_gcc530/lib/libXrdUtils.so.2
#3  0x00007fe850088197 in XrdSysThread_Xeq () from /cvmfs/cms.cern.ch/slc6_amd64_gcc530/cms/cmssw/CMSSW_8_0_10/external/slc6_amd64_gcc530/lib/libXrdUtils.so.2
#4  0x0000003c96607aa1 in start_thread () from /lib64/libpthread.so.0
#5  0x0000003c962e8c4d in clone () from /lib64/libc.so.6

Thread 5 (Thread 0x7fe84f2f2700 (LWP 1201618)):
#0  0x0000003c9660f00d in nanosleep () from /lib64/libpthread.so.0
#1  0x00007fe85008893b in XrdSysTimer::Wait(int) () from /cvmfs/cms.cern.ch/slc6_amd64_gcc530/cms/cmssw/CMSSW_8_0_10/external/slc6_amd64_gcc530/lib/libXrdUtils.so.2
#2  0x00007fe84ff4ffc1 in XrdCl::TaskManager::RunTasks() () from /cvmfs/cms.cern.ch/slc6_amd64_gcc530/cms/cmssw/CMSSW_8_0_10/external/slc6_amd64_gcc530/lib/libXrdCl.so.2
#3  0x00007fe84ff50149 in ?? () from /cvmfs/cms.cern.ch/slc6_amd64_gcc530/cms/cmssw/CMSSW_8_0_10/external/slc6_amd64_gcc530/lib/libXrdCl.so.2
#4  0x0000003c96607aa1 in start_thread () from /lib64/libpthread.so.0
#5  0x0000003c962e8c4d in clone () from /lib64/libc.so.6

Thread 4 (Thread 0x7fe84e8f1700 (LWP 1201619)):
#0  0x0000003c962e5499 in syscall () from /lib64/libc.so.6
#1  0x00007fe84ffa7401 in XrdCl::JobManager::RunJobs() () from /cvmfs/cms.cern.ch/slc6_amd64_gcc530/cms/cmssw/CMSSW_8_0_10/external/slc6_amd64_gcc530/lib/libXrdCl.so.2
#2  0x00007fe84ffa7599 in ?? () from /cvmfs/cms.cern.ch/slc6_amd64_gcc530/cms/cmssw/CMSSW_8_0_10/external/slc6_amd64_gcc530/lib/libXrdCl.so.2
#3  0x0000003c96607aa1 in start_thread () from /lib64/libpthread.so.0
#4  0x0000003c962e8c4d in clone () from /lib64/libc.so.6

Thread 3 (Thread 0x7fe84def0700 (LWP 1201620)):
#0  0x0000003c962e5499 in syscall () from /lib64/libc.so.6
#1  0x00007fe84ffa7401 in XrdCl::JobManager::RunJobs() () from /cvmfs/cms.cern.ch/slc6_amd64_gcc530/cms/cmssw/CMSSW_8_0_10/external/slc6_amd64_gcc530/lib/libXrdCl.so.2
#2  0x00007fe84ffa7599 in ?? () from /cvmfs/cms.cern.ch/slc6_amd64_gcc530/cms/cmssw/CMSSW_8_0_10/external/slc6_amd64_gcc530/lib/libXrdCl.so.2
#3  0x0000003c96607aa1 in start_thread () from /lib64/libpthread.so.0
#4  0x0000003c962e8c4d in clone () from /lib64/libc.so.6

Thread 2 (Thread 0x7fe84d4ef700 (LWP 1201621)):
#0  0x0000003c962e5499 in syscall () from /lib64/libc.so.6
#1  0x00007fe84ffa7401 in XrdCl::JobManager::RunJobs() () from /cvmfs/cms.cern.ch/slc6_amd64_gcc530/cms/cmssw/CMSSW_8_0_10/external/slc6_amd64_gcc530/lib/libXrdCl.so.2
#2  0x00007fe84ffa7599 in ?? () from /cvmfs/cms.cern.ch/slc6_amd64_gcc530/cms/cmssw/CMSSW_8_0_10/external/slc6_amd64_gcc530/lib/libXrdCl.so.2
#3  0x0000003c96607aa1 in start_thread () from /lib64/libpthread.so.0
#4  0x0000003c962e8c4d in clone () from /lib64/libc.so.6

Thread 1 (Thread 0x7fe859e32b40 (LWP 1201596)):
#0  0x0000003c962ac8dd in waitpid () from /lib64/libc.so.6
#1  0x0000003c9623e4e9 in do_system () from /lib64/libc.so.6
#2  0x0000003c9623e820 in system () from /lib64/libc.so.6
#3  0x00007fe85c2b0a49 in TUnixSystem::StackTrace() () from /cvmfs/cms.cern.ch/slc6_amd64_gcc530/cms/cmssw/CMSSW_8_0_10/external/slc6_amd64_gcc530/lib/libCore.so
#4  0x00007fe85c2b294c in TUnixSystem::DispatchSignals(ESignals) () from /cvmfs/cms.cern.ch/slc6_amd64_gcc530/cms/cmssw/CMSSW_8_0_10/external/slc6_amd64_gcc530/lib/libCore.so
#5  <signal handler called>
#6  0x0000000000403b84 in setAddresses(TTree*) ()
#7  0x000000000040486d in ReadTree(TTree*, TString, TTree*&) ()
#8  0x000000000040377e in main ()
===========================================================


The lines below might hint at the cause of the crash.
If they do not help you then please submit a bug report at
http://root.cern.ch/bugs. Please post the ENTIRE stack trace
from above as an attachment in addition to anything else
that might help us fixing this issue.
===========================================================
#6  0x0000000000403b84 in setAddresses(TTree*) ()
#7  0x000000000040486d in ReadTree(TTree*, TString, TTree*&) ()
#8  0x000000000040377e in main ()
===========================================================





===========================================================
There was a crash.
This is the entire stack trace of all threads:
===========================================================

Thread 6 (Thread 0x7fd831398700 (LWP 1201670)):
#0  0x0000003c962e9243 in epoll_wait () from /lib64/libc.so.6
#1  0x00007fd831732032 in XrdSys::IOEvents::PollE::Begin(XrdSysSemaphore*, int&, char const**) () from /cvmfs/cms.cern.ch/slc6_amd64_gcc530/cms/cmssw/CMSSW_8_0_10/external/slc6_amd64_gcc530/lib/libXrdUtils.so.2
#2  0x00007fd83172e7ed in XrdSys::IOEvents::BootStrap::Start(void*) () from /cvmfs/cms.cern.ch/slc6_amd64_gcc530/cms/cmssw/CMSSW_8_0_10/external/slc6_amd64_gcc530/lib/libXrdUtils.so.2
#3  0x00007fd83172d197 in XrdSysThread_Xeq () from /cvmfs/cms.cern.ch/slc6_amd64_gcc530/cms/cmssw/CMSSW_8_0_10/external/slc6_amd64_gcc530/lib/libXrdUtils.so.2
#4  0x0000003c96607aa1 in start_thread () from /lib64/libpthread.so.0
#5  0x0000003c962e8c4d in clone () from /lib64/libc.so.6

Thread 5 (Thread 0x7fd830997700 (LWP 1201671)):
#0  0x0000003c9660f00d in nanosleep () from /lib64/libpthread.so.0
#1  0x00007fd83172d93b in XrdSysTimer::Wait(int) () from /cvmfs/cms.cern.ch/slc6_amd64_gcc530/cms/cmssw/CMSSW_8_0_10/external/slc6_amd64_gcc530/lib/libXrdUtils.so.2
#2  0x00007fd8315f4fc1 in XrdCl::TaskManager::RunTasks() () from /cvmfs/cms.cern.ch/slc6_amd64_gcc530/cms/cmssw/CMSSW_8_0_10/external/slc6_amd64_gcc530/lib/libXrdCl.so.2
#3  0x00007fd8315f5149 in ?? () from /cvmfs/cms.cern.ch/slc6_amd64_gcc530/cms/cmssw/CMSSW_8_0_10/external/slc6_amd64_gcc530/lib/libXrdCl.so.2
#4  0x0000003c96607aa1 in start_thread () from /lib64/libpthread.so.0
#5  0x0000003c962e8c4d in clone () from /lib64/libc.so.6

Thread 4 (Thread 0x7fd82ff96700 (LWP 1201672)):
#0  0x0000003c962e5499 in syscall () from /lib64/libc.so.6
#1  0x00007fd83164c401 in XrdCl::JobManager::RunJobs() () from /cvmfs/cms.cern.ch/slc6_amd64_gcc530/cms/cmssw/CMSSW_8_0_10/external/slc6_amd64_gcc530/lib/libXrdCl.so.2
#2  0x00007fd83164c599 in ?? () from /cvmfs/cms.cern.ch/slc6_amd64_gcc530/cms/cmssw/CMSSW_8_0_10/external/slc6_amd64_gcc530/lib/libXrdCl.so.2
#3  0x0000003c96607aa1 in start_thread () from /lib64/libpthread.so.0
#4  0x0000003c962e8c4d in clone () from /lib64/libc.so.6

Thread 3 (Thread 0x7fd82f595700 (LWP 1201673)):
#0  0x0000003c962e5499 in syscall () from /lib64/libc.so.6
#1  0x00007fd83164c401 in XrdCl::JobManager::RunJobs() () from /cvmfs/cms.cern.ch/slc6_amd64_gcc530/cms/cmssw/CMSSW_8_0_10/external/slc6_amd64_gcc530/lib/libXrdCl.so.2
#2  0x00007fd83164c599 in ?? () from /cvmfs/cms.cern.ch/slc6_amd64_gcc530/cms/cmssw/CMSSW_8_0_10/external/slc6_amd64_gcc530/lib/libXrdCl.so.2
#3  0x0000003c96607aa1 in start_thread () from /lib64/libpthread.so.0
#4  0x0000003c962e8c4d in clone () from /lib64/libc.so.6

Thread 2 (Thread 0x7fd82eb94700 (LWP 1201674)):
#0  0x0000003c962e5499 in syscall () from /lib64/libc.so.6
#1  0x00007fd83164c401 in XrdCl::JobManager::RunJobs() () from /cvmfs/cms.cern.ch/slc6_amd64_gcc530/cms/cmssw/CMSSW_8_0_10/external/slc6_amd64_gcc530/lib/libXrdCl.so.2
#2  0x00007fd83164c599 in ?? () from /cvmfs/cms.cern.ch/slc6_amd64_gcc530/cms/cmssw/CMSSW_8_0_10/external/slc6_amd64_gcc530/lib/libXrdCl.so.2
#3  0x0000003c96607aa1 in start_thread () from /lib64/libpthread.so.0
#4  0x0000003c962e8c4d in clone () from /lib64/libc.so.6

Thread 1 (Thread 0x7fd83b4d7b40 (LWP 1201640)):
#0  0x0000003c962ac8dd in waitpid () from /lib64/libc.so.6
#1  0x0000003c9623e4e9 in do_system () from /lib64/libc.so.6
#2  0x0000003c9623e820 in system () from /lib64/libc.so.6
#3  0x00007fd83d955a49 in TUnixSystem::StackTrace() () from /cvmfs/cms.cern.ch/slc6_amd64_gcc530/cms/cmssw/CMSSW_8_0_10/external/slc6_amd64_gcc530/lib/libCore.so
#4  0x00007fd83d95794c in TUnixSystem::DispatchSignals(ESignals) () from /cvmfs/cms.cern.ch/slc6_amd64_gcc530/cms/cmssw/CMSSW_8_0_10/external/slc6_amd64_gcc530/lib/libCore.so
#5  <signal handler called>
#6  0x0000000000403b84 in setAddresses(TTree*) ()
#7  0x000000000040486d in ReadTree(TTree*, TString, TTree*&) ()
#8  0x000000000040377e in main ()
===========================================================


The lines below might hint at the cause of the crash.
If they do not help you then please submit a bug report at
http://root.cern.ch/bugs. Please post the ENTIRE stack trace
from above as an attachment in addition to anything else
that might help us fixing this issue.
===========================================================
#6  0x0000000000403b84 in setAddresses(TTree*) ()
#7  0x000000000040486d in ReadTree(TTree*, TString, TTree*&) ()
#8  0x000000000040377e in main ()
===========================================================


fs is 2mu
read file
Error in <TNetXNGFile::Open>: [ERROR] Server responded with an error: [3011] Unable to access file; file does not exist.

start setting tree 
start reading tree 

 *** Break *** segmentation violation



===========================================================
There was a crash.
This is the entire stack trace of all threads:
===========================================================

Thread 6 (Thread 0x7f8e42d42700 (LWP 1202033)):
#0  0x0000003c962e9243 in epoll_wait () from /lib64/libc.so.6
#1  0x00007f8e430dc032 in XrdSys::IOEvents::PollE::Begin(XrdSysSemaphore*, int&, char const**) () from /cvmfs/cms.cern.ch/slc6_amd64_gcc530/cms/cmssw/CMSSW_8_0_10/external/slc6_amd64_gcc530/lib/libXrdUtils.so.2
#2  0x00007f8e430d87ed in XrdSys::IOEvents::BootStrap::Start(void*) () from /cvmfs/cms.cern.ch/slc6_amd64_gcc530/cms/cmssw/CMSSW_8_0_10/external/slc6_amd64_gcc530/lib/libXrdUtils.so.2
#3  0x00007f8e430d7197 in XrdSysThread_Xeq () from /cvmfs/cms.cern.ch/slc6_amd64_gcc530/cms/cmssw/CMSSW_8_0_10/external/slc6_amd64_gcc530/lib/libXrdUtils.so.2
#4  0x0000003c96607aa1 in start_thread () from /lib64/libpthread.so.0
#5  0x0000003c962e8c4d in clone () from /lib64/libc.so.6

Thread 5 (Thread 0x7f8e42341700 (LWP 1202034)):
#0  0x0000003c9660f00d in nanosleep () from /lib64/libpthread.so.0
#1  0x00007f8e430d793b in XrdSysTimer::Wait(int) () from /cvmfs/cms.cern.ch/slc6_amd64_gcc530/cms/cmssw/CMSSW_8_0_10/external/slc6_amd64_gcc530/lib/libXrdUtils.so.2
#2  0x00007f8e42f9efc1 in XrdCl::TaskManager::RunTasks() () from /cvmfs/cms.cern.ch/slc6_amd64_gcc530/cms/cmssw/CMSSW_8_0_10/external/slc6_amd64_gcc530/lib/libXrdCl.so.2
#3  0x00007f8e42f9f149 in ?? () from /cvmfs/cms.cern.ch/slc6_amd64_gcc530/cms/cmssw/CMSSW_8_0_10/external/slc6_amd64_gcc530/lib/libXrdCl.so.2
#4  0x0000003c96607aa1 in start_thread () from /lib64/libpthread.so.0
#5  0x0000003c962e8c4d in clone () from /lib64/libc.so.6

Thread 4 (Thread 0x7f8e41940700 (LWP 1202035)):
#0  0x0000003c962e5499 in syscall () from /lib64/libc.so.6
#1  0x00007f8e42ff6401 in XrdCl::JobManager::RunJobs() () from /cvmfs/cms.cern.ch/slc6_amd64_gcc530/cms/cmssw/CMSSW_8_0_10/external/slc6_amd64_gcc530/lib/libXrdCl.so.2
#2  0x00007f8e42ff6599 in ?? () from /cvmfs/cms.cern.ch/slc6_amd64_gcc530/cms/cmssw/CMSSW_8_0_10/external/slc6_amd64_gcc530/lib/libXrdCl.so.2
#3  0x0000003c96607aa1 in start_thread () from /lib64/libpthread.so.0
#4  0x0000003c962e8c4d in clone () from /lib64/libc.so.6

Thread 3 (Thread 0x7f8e40f3f700 (LWP 1202036)):
#0  0x0000003c962e5499 in syscall () from /lib64/libc.so.6
#1  0x00007f8e42ff6401 in XrdCl::JobManager::RunJobs() () from /cvmfs/cms.cern.ch/slc6_amd64_gcc530/cms/cmssw/CMSSW_8_0_10/external/slc6_amd64_gcc530/lib/libXrdCl.so.2
#2  0x00007f8e42ff6599 in ?? () from /cvmfs/cms.cern.ch/slc6_amd64_gcc530/cms/cmssw/CMSSW_8_0_10/external/slc6_amd64_gcc530/lib/libXrdCl.so.2
#3  0x0000003c96607aa1 in start_thread () from /lib64/libpthread.so.0
#4  0x0000003c962e8c4d in clone () from /lib64/libc.so.6

Thread 2 (Thread 0x7f8e4053e700 (LWP 1202037)):
#0  0x0000003c962e5499 in syscall () from /lib64/libc.so.6
#1  0x00007f8e42ff6401 in XrdCl::JobManager::RunJobs() () from /cvmfs/cms.cern.ch/slc6_amd64_gcc530/cms/cmssw/CMSSW_8_0_10/external/slc6_amd64_gcc530/lib/libXrdCl.so.2
#2  0x00007f8e42ff6599 in ?? () from /cvmfs/cms.cern.ch/slc6_amd64_gcc530/cms/cmssw/CMSSW_8_0_10/external/slc6_amd64_gcc530/lib/libXrdCl.so.2
#3  0x0000003c96607aa1 in start_thread () from /lib64/libpthread.so.0
#4  0x0000003c962e8c4d in clone () from /lib64/libc.so.6

Thread 1 (Thread 0x7f8e4ce81b40 (LWP 1202012)):
#0  0x0000003c962ac8dd in waitpid () from /lib64/libc.so.6
#1  0x0000003c9623e4e9 in do_system () from /lib64/libc.so.6
#2  0x0000003c9623e820 in system () from /lib64/libc.so.6
#3  0x00007f8e4f2ffa49 in TUnixSystem::StackTrace() () from /cvmfs/cms.cern.ch/slc6_amd64_gcc530/cms/cmssw/CMSSW_8_0_10/external/slc6_amd64_gcc530/lib/libCore.so
#4  0x00007f8e4f30194c in TUnixSystem::DispatchSignals(ESignals) () from /cvmfs/cms.cern.ch/slc6_amd64_gcc530/cms/cmssw/CMSSW_8_0_10/external/slc6_amd64_gcc530/lib/libCore.so
#5  <signal handler called>
#6  0x0000000000403b84 in setAddresses(TTree*) ()
#7  0x000000000040486d in ReadTree(TTree*, TString, TTree*&) ()
#8  0x000000000040377e in main ()
===========================================================


The lines below might hint at the cause of the crash.
If they do not help you then please submit a bug report at
http://root.cern.ch/bugs. Please post the ENTIRE stack trace
from above as an attachment in addition to anything else
that might help us fixing this issue.
===========================================================
#6  0x0000000000403b84 in setAddresses(TTree*) ()
#7  0x000000000040486d in ReadTree(TTree*, TString, TTree*&) ()
#8  0x000000000040377e in main ()
===========================================================


fs is 2mu
read file
Error in <TNetXNGFile::Open>: [ERROR] Server responded with an error: [3011] Unable to access file; file does not exist.

start setting tree 
start reading tree 

 *** Break *** segmentation violation



===========================================================
There was a crash.
This is the entire stack trace of all threads:
===========================================================

Thread 6 (Thread 0x7f3db85ce700 (LWP 1202237)):
#0  0x0000003c962e9243 in epoll_wait () from /lib64/libc.so.6
#1  0x00007f3db8968032 in XrdSys::IOEvents::PollE::Begin(XrdSysSemaphore*, int&, char const**) () from /cvmfs/cms.cern.ch/slc6_amd64_gcc530/cms/cmssw/CMSSW_8_0_10/external/slc6_amd64_gcc530/lib/libXrdUtils.so.2
#2  0x00007f3db89647ed in XrdSys::IOEvents::BootStrap::Start(void*) () from /cvmfs/cms.cern.ch/slc6_amd64_gcc530/cms/cmssw/CMSSW_8_0_10/external/slc6_amd64_gcc530/lib/libXrdUtils.so.2
#3  0x00007f3db8963197 in XrdSysThread_Xeq () from /cvmfs/cms.cern.ch/slc6_amd64_gcc530/cms/cmssw/CMSSW_8_0_10/external/slc6_amd64_gcc530/lib/libXrdUtils.so.2
#4  0x0000003c96607aa1 in start_thread () from /lib64/libpthread.so.0
#5  0x0000003c962e8c4d in clone () from /lib64/libc.so.6

Thread 5 (Thread 0x7f3db7bcd700 (LWP 1202238)):
#0  0x0000003c9660f00d in nanosleep () from /lib64/libpthread.so.0
#1  0x00007f3db896393b in XrdSysTimer::Wait(int) () from /cvmfs/cms.cern.ch/slc6_amd64_gcc530/cms/cmssw/CMSSW_8_0_10/external/slc6_amd64_gcc530/lib/libXrdUtils.so.2
#2  0x00007f3db882afc1 in XrdCl::TaskManager::RunTasks() () from /cvmfs/cms.cern.ch/slc6_amd64_gcc530/cms/cmssw/CMSSW_8_0_10/external/slc6_amd64_gcc530/lib/libXrdCl.so.2
#3  0x00007f3db882b149 in ?? () from /cvmfs/cms.cern.ch/slc6_amd64_gcc530/cms/cmssw/CMSSW_8_0_10/external/slc6_amd64_gcc530/lib/libXrdCl.so.2
#4  0x0000003c96607aa1 in start_thread () from /lib64/libpthread.so.0
#5  0x0000003c962e8c4d in clone () from /lib64/libc.so.6

Thread 4 (Thread 0x7f3db71cc700 (LWP 1202239)):
#0  0x0000003c962e5499 in syscall () from /lib64/libc.so.6
#1  0x00007f3db8882401 in XrdCl::JobManager::RunJobs() () from /cvmfs/cms.cern.ch/slc6_amd64_gcc530/cms/cmssw/CMSSW_8_0_10/external/slc6_amd64_gcc530/lib/libXrdCl.so.2
#2  0x00007f3db8882599 in ?? () from /cvmfs/cms.cern.ch/slc6_amd64_gcc530/cms/cmssw/CMSSW_8_0_10/external/slc6_amd64_gcc530/lib/libXrdCl.so.2
#3  0x0000003c96607aa1 in start_thread () from /lib64/libpthread.so.0
#4  0x0000003c962e8c4d in clone () from /lib64/libc.so.6

Thread 3 (Thread 0x7f3db67cb700 (LWP 1202240)):
#0  0x0000003c962e5499 in syscall () from /lib64/libc.so.6
#1  0x00007f3db8882401 in XrdCl::JobManager::RunJobs() () from /cvmfs/cms.cern.ch/slc6_amd64_gcc530/cms/cmssw/CMSSW_8_0_10/external/slc6_amd64_gcc530/lib/libXrdCl.so.2
#2  0x00007f3db8882599 in ?? () from /cvmfs/cms.cern.ch/slc6_amd64_gcc530/cms/cmssw/CMSSW_8_0_10/external/slc6_amd64_gcc530/lib/libXrdCl.so.2
#3  0x0000003c96607aa1 in start_thread () from /lib64/libpthread.so.0
#4  0x0000003c962e8c4d in clone () from /lib64/libc.so.6

Thread 2 (Thread 0x7f3db5dca700 (LWP 1202241)):
#0  0x0000003c962e5499 in syscall () from /lib64/libc.so.6
#1  0x00007f3db8882401 in XrdCl::JobManager::RunJobs() () from /cvmfs/cms.cern.ch/slc6_amd64_gcc530/cms/cmssw/CMSSW_8_0_10/external/slc6_amd64_gcc530/lib/libXrdCl.so.2
#2  0x00007f3db8882599 in ?? () from /cvmfs/cms.cern.ch/slc6_amd64_gcc530/cms/cmssw/CMSSW_8_0_10/external/slc6_amd64_gcc530/lib/libXrdCl.so.2
#3  0x0000003c96607aa1 in start_thread () from /lib64/libpthread.so.0
#4  0x0000003c962e8c4d in clone () from /lib64/libc.so.6

Thread 1 (Thread 0x7f3dc270db40 (LWP 1202216)):
#0  0x0000003c962ac8dd in waitpid () from /lib64/libc.so.6
#1  0x0000003c9623e4e9 in do_system () from /lib64/libc.so.6
#2  0x0000003c9623e820 in system () from /lib64/libc.so.6
#3  0x00007f3dc4b8ba49 in TUnixSystem::StackTrace() () from /cvmfs/cms.cern.ch/slc6_amd64_gcc530/cms/cmssw/CMSSW_8_0_10/external/slc6_amd64_gcc530/lib/libCore.so
#4  0x00007f3dc4b8d94c in TUnixSystem::DispatchSignals(ESignals) () from /cvmfs/cms.cern.ch/slc6_amd64_gcc530/cms/cmssw/CMSSW_8_0_10/external/slc6_amd64_gcc530/lib/libCore.so
#5  <signal handler called>
#6  0x0000000000403b84 in setAddresses(TTree*) ()
#7  0x000000000040486d in ReadTree(TTree*, TString, TTree*&) ()
#8  0x000000000040377e in main ()
===========================================================


The lines below might hint at the cause of the crash.
If they do not help you then please submit a bug report at
http://root.cern.ch/bugs. Please post the ENTIRE stack trace
from above as an attachment in addition to anything else
that might help us fixing this issue.
===========================================================
#6  0x0000000000403b84 in setAddresses(TTree*) ()
#7  0x000000000040486d in ReadTree(TTree*, TString, TTree*&) ()
#8  0x000000000040377e in main ()
===========================================================


fs is 2mu
read file
Warning in <TClass::Init>: no dictionary for class ROOT::TIOFeatures is available
start setting tree 
start reading tree 
fs is 2mu
read file
Warning in <TClass::Init>: no dictionary for class ROOT::TIOFeatures is available
start setting tree 
start reading tree 
fs is 2mu
read file
Warning in <TClass::Init>: no dictionary for class ROOT::TIOFeatures is available
start setting tree 
start reading tree 
fs is 2mu
read file
Warning in <TClass::Init>: no dictionary for class ROOT::TIOFeatures is available
start setting tree 
start reading tree 
end reading tree
end reading tree
end reading tree
end reading tree
./DY_TreeSlim.exe: error while loading shared libraries: libGui.so: cannot open shared object file: No such file or directory
fs is 2mu
read file
Warning in <TClass::Init>: no dictionary for class ROOT::TIOFeatures is available
start setting tree 
start reading tree 
fs is 2mu
read file
Warning in <TClass::Init>: no dictionary for class ROOT::TIOFeatures is available
start setting tree 
start reading tree 
fs is 2mu
read file
Warning in <TClass::Init>: no dictionary for class ROOT::TIOFeatures is available
start setting tree 
start reading tree 
fs is 2mu
read file
Warning in <TClass::Init>: no dictionary for class ROOT::TIOFeatures is available
start setting tree 
start reading tree 
end reading tree
end reading tree
end reading tree
end reading tree
fs is 2mu
read file
Warning in <TClass::Init>: no dictionary for class ROOT::TIOFeatures is available
start setting tree 
start reading tree 
fs is 2mu
read file
Warning in <TClass::Init>: no dictionary for class ROOT::TIOFeatures is available
start setting tree 
start reading tree 
fs is 2mu
read file
Warning in <TClass::Init>: no dictionary for class ROOT::TIOFeatures is available
start setting tree 
start reading tree 
fs is 2mu
read file
Warning in <TClass::Init>: no dictionary for class ROOT::TIOFeatures is available
start setting tree 
start reading tree 
end reading tree
end reading tree
end reading tree
end reading tree
fs is 2mu
read file
fs is 2mu
read file
Warning in <TClass::Init>: no dictionary for class ROOT::TIOFeatures is available
Warning in <TClass::Init>: no dictionary for class ROOT::TIOFeatures is available
fs is 2mu
read file
start setting tree 
start reading tree 
start setting tree 
start reading tree 
Warning in <TClass::Init>: no dictionary for class ROOT::TIOFeatures is available
start setting tree 
start reading tree 
fs is 2mu
read file
Warning in <TClass::Init>: no dictionary for class ROOT::TIOFeatures is available
start setting tree 
start reading tree 
end reading tree
end reading tree
end reading tree
end reading tree
fs is 2mu
read file
fs is 2mu
read file
Warning in <TClass::Init>: no dictionary for class ROOT::TIOFeatures is available
start setting tree 
start reading tree 
fs is 2mu
read file
Warning in <TClass::Init>: no dictionary for class ROOT::TIOFeatures is available
start setting tree 
start reading tree 
fs is 2mu
read file
Warning in <TClass::Init>: no dictionary for class ROOT::TIOFeatures is available
start setting tree 
start reading tree 
Warning in <TClass::Init>: no dictionary for class ROOT::TIOFeatures is available
start setting tree 
start reading tree 
end reading tree
end reading tree
end reading tree
fs is 2mu
read file
Warning in <TClass::Init>: no dictionary for class ROOT::TIOFeatures is available
start setting tree 
start reading tree 
fs is 2mu
read file
Warning in <TClass::Init>: no dictionary for class ROOT::TIOFeatures is available
start setting tree 
start reading tree 
fs is 2mu
read file
Warning in <TClass::Init>: no dictionary for class ROOT::TIOFeatures is available
start setting tree 
start reading tree 
end reading tree
end reading tree
end reading tree
end reading tree
fs is 2mu
read file
Warning in <TClass::Init>: no dictionary for class ROOT::TIOFeatures is available
start setting tree 
start reading tree 
fs is 2mu
read file
Warning in <TClass::Init>: no dictionary for class ROOT::TIOFeatures is available
start setting tree 
start reading tree 
end reading tree
end reading tree
