fs is 2mu
read file
Warning in <TClass::Init>: no dictionary for class ROOT::TIOFeatures is available
start setting tree 
start reading tree 
event loop********************************************************************************************************************
GENZ_mass->size()   0
genzm  0
finish check per-event***********************************************************************************************************


event loop********************************************************************************************************************
GENZ_mass->size()   0
genzm  0
finish check per-event***********************************************************************************************************


event loop********************************************************************************************************************
GENZ_mass->size()   0
genzm  0
finish check per-event***********************************************************************************************************


event loop********************************************************************************************************************
GENZ_mass->size()   0
genzm  0
finish check per-event***********************************************************************************************************


event loop********************************************************************************************************************
GENZ_mass->size()   0
genzm  0
finish check per-event***********************************************************************************************************


event loop********************************************************************************************************************
GENZ_mass->size()   0
genzm  0
finish check per-event***********************************************************************************************************


event loop********************************************************************************************************************
GENZ_mass->size()   0
genzm  0
finish check per-event***********************************************************************************************************


event loop********************************************************************************************************************
GENZ_mass->size()   0
genzm  0
finish check per-event***********************************************************************************************************


event loop********************************************************************************************************************
GENZ_mass->size()   0
genzm  0
finish check per-event***********************************************************************************************************


event loop********************************************************************************************************************
GENZ_mass->size()   0
genzm  0
finish check per-event***********************************************************************************************************


event loop********************************************************************************************************************
GENZ_mass->size()   0
genzm  0
finish check per-event***********************************************************************************************************


event loop********************************************************************************************************************
GENZ_mass->size()   0
genzm  0
finish check per-event***********************************************************************************************************


event loop********************************************************************************************************************
GENZ_mass->size()   0
genzm  0
finish check per-event***********************************************************************************************************


event loop********************************************************************************************************************
GENZ_mass->size()   0
genzm  0
finish check per-event***********************************************************************************************************


event loop********************************************************************************************************************
GENZ_mass->size()   0
genzm  0
finish check per-event***********************************************************************************************************


event loop********************************************************************************************************************
GENZ_mass->size()   0
genzm  0
finish check per-event***********************************************************************************************************


event loop********************************************************************************************************************
GENZ_mass->size()   0
genzm  0
finish check per-event***********************************************************************************************************


event loop********************************************************************************************************************
GENZ_mass->size()   0
genzm  0
finish check per-event***********************************************************************************************************


event loop********************************************************************************************************************
GENZ_mass->size()   0
genzm  0
finish check per-event***********************************************************************************************************


event loop********************************************************************************************************************
GENZ_mass->size()   0
genzm  0
finish check per-event***********************************************************************************************************


event loop********************************************************************************************************************
GENZ_mass->size()   0
genzm  0
finish check per-event***********************************************************************************************************


event loop********************************************************************************************************************
GENZ_mass->size()   0
genzm  0
finish check per-event***********************************************************************************************************


event loop********************************************************************************************************************
GENZ_mass->size()   0
genzm  0
finish check per-event***********************************************************************************************************


event loop********************************************************************************************************************
GENZ_mass->size()   0
genzm  0
finish check per-event***********************************************************************************************************


event loop********************************************************************************************************************
GENZ_mass->size()   0
genzm  0
finish check per-event***********************************************************************************************************


event loop********************************************************************************************************************
GENZ_mass->size()   0
genzm  0
finish check per-event***********************************************************************************************************


event loop********************************************************************************************************************
GENZ_mass->size()   0
genzm  0
finish check per-event***********************************************************************************************************


event loop********************************************************************************************************************
GENZ_mass->size()   0
genzm  0
finish check per-event***********************************************************************************************************


event loop********************************************************************************************************************
GENZ_mass->size()   0
genzm  0
finish check per-event***********************************************************************************************************


event loop********************************************************************************************************************
GENZ_mass->size()   0
genzm  0
finish check per-event***********************************************************************************************************


event loop********************************************************************************************************************
GENZ_mass->size()   0
genzm  0
finish check per-event***********************************************************************************************************


event loop********************************************************************************************************************
GENZ_mass->size()   0
genzm  0
finish check per-event***********************************************************************************************************


event loop********************************************************************************************************************
GENZ_mass->size()   0
genzm  0
finish check per-event***********************************************************************************************************


event loop********************************************************************************************************************
GENZ_mass->size()   0
genzm  0
finish check per-event***********************************************************************************************************


event loop********************************************************************************************************************
GENZ_mass->size()   0
genzm  0
finish check per-event***********************************************************************************************************


event loop********************************************************************************************************************
GENZ_mass->size()   0
genzm  0
finish check per-event***********************************************************************************************************


event loop********************************************************************************************************************
GENZ_mass->size()   0
genzm  0
finish check per-event***********************************************************************************************************


event loop********************************************************************************************************************
GENZ_mass->size()   0
genzm  0
finish check per-event***********************************************************************************************************


event loop********************************************************************************************************************
GENZ_mass->size()   0
genzm  0
finish check per-event***********************************************************************************************************


event loop********************************************************************************************************************
GENZ_mass->size()   0
genzm  0
finish check per-event***********************************************************************************************************


event loop********************************************************************************************************************
GENZ_mass->size()   0
genzm  0
finish check per-event***********************************************************************************************************


event loop********************************************************************************************************************
GENZ_mass->size()   0
genzm  0
finish check per-event***********************************************************************************************************


event loop********************************************************************************************************************
GENZ_mass->size()   0
genzm  0
finish check per-event***********************************************************************************************************


event loop********************************************************************************************************************
GENZ_mass->size()   0
genzm  0
finish check per-event***********************************************************************************************************


event loop********************************************************************************************************************
GENZ_mass->size()   0
genzm  0
finish check per-event***********************************************************************************************************


event loop********************************************************************************************************************
GENZ_mass->size()   0
genzm  0
finish check per-event***********************************************************************************************************


event loop********************************************************************************************************************
GENZ_mass->size()   0
genzm  0
finish check per-event***********************************************************************************************************


event loop********************************************************************************************************************
GENZ_mass->size()   0
genzm  0
finish check per-event***********************************************************************************************************


event loop********************************************************************************************************************
GENZ_mass->size()   0
genzm  0
finish check per-event***********************************************************************************************************


event loop********************************************************************************************************************
GENZ_mass->size()   0
genzm  0
finish check per-event***********************************************************************************************************


event loop********************************************************************************************************************
GENZ_mass->size()   0
genzm  0
finish check per-event***********************************************************************************************************


event loop********************************************************************************************************************
GENZ_mass->size()   0
genzm  0
finish check per-event***********************************************************************************************************


event loop********************************************************************************************************************
GENZ_mass->size()   0
genzm  0
finish check per-event***********************************************************************************************************


event loop********************************************************************************************************************
GENZ_mass->size()   0
genzm  0
finish check per-event***********************************************************************************************************


event loop********************************************************************************************************************
GENZ_mass->size()   0
genzm  0
finish check per-event***********************************************************************************************************


event loop********************************************************************************************************************
GENZ_mass->size()   0
genzm  0
finish check per-event***********************************************************************************************************


event loop********************************************************************************************************************
GENZ_mass->size()   0
genzm  0
finish check per-event***********************************************************************************************************


end reading tree
